#
# A fatal error has been detected by the Java Runtime Environment:
#
#  Internal Error (javaClasses.cpp:124), pid=11604, tid=9448
#  fatal error: Invalid layout of preloaded class
#
# JRE version:  (8.0_11-b12) (build )
# Java VM: Java HotSpot(TM) 64-Bit Server VM (25.11-b03 mixed mode windows-amd64 compressed oops)
# Failed to write core dump. Minidumps are not enabled by default on client versions of Windows
#
# If you would like to submit a bug report, please visit:
#   http://bugreport.sun.com/bugreport/crash.jsp
#

---------------  T H R E A D  ---------------

Current thread (0x00000000025ee800):  JavaThread "Unknown thread" [_thread_in_vm, id=9448, stack(0x0000000002850000,0x0000000002950000)]

Stack: [0x0000000002850000,0x0000000002950000]
Native frames: (J=compiled Java code, j=interpreted, Vv=VM code, C=native code)
V  [jvm.dll+0x308eca]
V  [jvm.dll+0x25e121]
V  [jvm.dll+0x25ed33]
V  [jvm.dll+0x256686]
V  [jvm.dll+0x5d4cc]
V  [jvm.dll+0x5d5c3]
V  [jvm.dll+0x71efa]
V  [jvm.dll+0x72258]
V  [jvm.dll+0xe1927]
V  [jvm.dll+0xe1cb6]
V  [jvm.dll+0x1f1407]
V  [jvm.dll+0x2229b4]
V  [jvm.dll+0x14a151]
C  [javaw.exe+0x208a]
C  [javaw.exe+0xc9fb]
C  [javaw.exe+0xca8f]
C  [kernel32.dll+0x159ed]
C  [ntdll.dll+0x2c521]


---------------  P R O C E S S  ---------------

Java Threads: ( => current thread )

Other Threads:

=>0x00000000025ee800 (exited) JavaThread "Unknown thread" [_thread_in_vm, id=9448, stack(0x0000000002850000,0x0000000002950000)]

VM state:not at safepoint (not fully initialized)

VM Mutex/Monitor currently owned by a thread: None

GC Heap History (0 events):
No events

Deoptimization events (0 events):
No events

Internal exceptions (0 events):
No events

Events (10 events):
Event: 0.014 loading class java/lang/CharSequence done
Event: 0.014 loading class java/lang/String done
Event: 0.014 loading class java/lang/Class
Event: 0.015 loading class java/lang/reflect/AnnotatedElement
Event: 0.015 loading class java/lang/reflect/AnnotatedElement done
Event: 0.015 loading class java/lang/reflect/GenericDeclaration
Event: 0.015 loading class java/lang/reflect/GenericDeclaration done
Event: 0.015 loading class java/lang/reflect/Type
Event: 0.015 loading class java/lang/reflect/Type done
Event: 0.015 loading class java/lang/Class done


Dynamic libraries:
0x000000013f870000 - 0x000000013f8a4000 	C:\Program Files\Java\jre8\bin\javaw.exe
0x0000000076db0000 - 0x0000000076f59000 	C:\windows\SYSTEM32\ntdll.dll
0x0000000076810000 - 0x000000007692f000 	C:\windows\system32\kernel32.dll
0x000007fefd380000 - 0x000007fefd3eb000 	C:\windows\system32\KERNELBASE.dll
0x000007fefd7b0000 - 0x000007fefd88b000 	C:\windows\system32\ADVAPI32.dll
0x000007fefeb10000 - 0x000007fefebaf000 	C:\windows\system32\msvcrt.dll
0x000007fefec50000 - 0x000007fefec6f000 	C:\windows\SYSTEM32\sechost.dll
0x000007fefec70000 - 0x000007fefed9d000 	C:\windows\system32\RPCRT4.dll
0x0000000076cb0000 - 0x0000000076daa000 	C:\windows\system32\USER32.dll
0x000007fefe7c0000 - 0x000007fefe827000 	C:\windows\system32\GDI32.dll
0x000007fefef80000 - 0x000007fefef8e000 	C:\windows\system32\LPK.dll
0x000007fefea40000 - 0x000007fefeb09000 	C:\windows\system32\USP10.dll
0x000007fefc2d0000 - 0x000007fefc4c4000 	C:\windows\WinSxS\amd64_microsoft.windows.common-controls_6595b64144ccf1df_6.0.7601.17514_none_fa396087175ac9ac\COMCTL32.dll
0x000007fefd890000 - 0x000007fefd901000 	C:\windows\system32\SHLWAPI.dll
0x000007fefd780000 - 0x000007fefd7ae000 	C:\windows\system32\IMM32.DLL
0x000007fefef90000 - 0x000007feff099000 	C:\windows\system32\MSCTF.dll
0x000000005dcb0000 - 0x000000005dd82000 	C:\Program Files\Java\jre8\bin\msvcr100.dll
0x000000005d480000 - 0x000000005dcaa000 	C:\Program Files\Java\jre8\bin\server\jvm.dll
0x000007fefab40000 - 0x000007fefab49000 	C:\windows\system32\WSOCK32.dll
0x000007fefd730000 - 0x000007fefd77d000 	C:\windows\system32\WS2_32.dll
0x000007fefd640000 - 0x000007fefd648000 	C:\windows\system32\NSI.dll
0x000007fefb210000 - 0x000007fefb24b000 	C:\windows\system32\WINMM.dll
0x0000000076f70000 - 0x0000000076f77000 	C:\windows\system32\PSAPI.DLL
0x0000000068670000 - 0x000000006867f000 	C:\Program Files\Java\jre8\bin\verify.dll
0x000000005e3c0000 - 0x000000005e3e8000 	C:\Program Files\Java\jre8\bin\java.dll
0x000000005e2c0000 - 0x000000005e2d6000 	C:\Program Files\Java\jre8\bin\zip.dll
0x000007fee8f40000 - 0x000007fee9065000 	C:\windows\system32\dbghelp.dll

VM Arguments:
jvm_args: -Dfile.encoding=GBK -Xbootclasspath:D:\DevelopEnvironment\adt-bundle-windows-x86_64-20131030\sdk\platforms\android-19\android.jar 
java_command: com.coco.android.bean.GetOperaterDetailNode3
java_class_path (initial): D:\MyWorkBeach\M-Coupons\libs\zxing-1.6.jar;D:\MyWorkBeach\M-Coupons\libs\android-support-v4.jar;D:\MyWorkBeach\M-Coupons\libs\commons-httpclient-3.1.jar;D:\MyWorkBeach\M-Coupons\bin\classes
Launcher Type: SUN_STANDARD

Environment Variables:
JAVA_HOME=C:\Program Files\Java\jdk1.8.0_05
CLASSPATH=.;C:\Program Files\Java\jdk1.8.0_05\lib\dt.jar;C:\Program Files\Java\jdk1.8.0_05\lib\tools.jar;
PATH=C:\Program Files (x86)\Intel\iCLS Client\;C:\Program Files\Intel\iCLS Client\;C:\Program Files\Broadcom\Broadcom 802.11 Network Adapter\Driver;;C:\windows\system32;C:\windows;C:\windows\System32\Wbem;C:\windows\System32\WindowsPowerShell\v1.0\;C:\Program Files\Intel\Intel(R) Management Engine Components\DAL;C:\Program Files\Intel\Intel(R) Management Engine Components\IPT;C:\Program Files (x86)\Intel\Intel(R) Management Engine Components\DAL;C:\Program Files (x86)\Intel\Intel(R) Management Engine Components\IPT;C:\Program Files\ThinkPad\Bluetooth Software\;C:\Program Files\ThinkPad\Bluetooth Software\syswow64;C:\Program Files (x86)\Windows7Master;C:\Program Files (x86)\Intel\OpenCL SDK\2.0\bin\x86;C:\Program Files (x86)\Intel\OpenCL SDK\2.0\bin\x64;C:\Program Files\Java\jdk1.8.0_05\bin;C:\Program Files\Java\jdk1.8.0_05\jre\bin;D:\DevelopEnvironment\adt-bundle-windows-x86_64-20131030\sdk\platform-tools;D:\DevelopEnvironment\adt-bundle-windows-x86_64-20131030\sdk\tools;D:\DevelopEnvironment\android-ndk-r9c;D:\DevelopEnvironment\adt-bundle-windows-x86_64-20131030\eclipse\plugins\org.apache.ant_1.8.3.v201301120609\bin;D:\DevelopEnvironment\adt-bundle-windows-x86_64-20131030\eclipse\plugins\org.apache.ant_1.8.3.v201301120609\lib;C:\Program Files (x86)\IDM Computer Solutions\UltraEdit\
USERNAME=Administrator
OS=Windows_NT
PROCESSOR_IDENTIFIER=Intel64 Family 6 Model 58 Stepping 9, GenuineIntel



---------------  S Y S T E M  ---------------

OS: Windows 7 , 64 bit Build 7601 Service Pack 1

CPU:total 4 (2 cores per cpu, 2 threads per core) family 6 model 58 stepping 9, cmov, cx8, fxsr, mmx, sse, sse2, sse3, ssse3, sse4.1, sse4.2, popcnt, avx, aes, clmul, erms, ht, tsc, tscinvbit

Memory: 4k page, physical 3759560k(1528932k free), swap 7517276k(3095888k free)

vm_info: Java HotSpot(TM) 64-Bit Server VM (25.11-b03) for windows-amd64 JRE (1.8.0_11-b12), built on Jun 16 2014 20:57:32 by "java_re" with MS VC++ 10.0 (VS2010)

time: Wed Aug 27 17:29:27 2014
elapsed time: 0 seconds

